<?xml version="1.0" encoding="UTF-8"?>
<!-- Generated by org.testng.reporters.JUnitReportReporter -->
<testsuite skipped="0" hostname="BLRIDC30203481" name="com.qa.hubspot.test.LoginPageTest" tests="3" failures="0" timestamp="26 Feb 2020 12:54:23 GMT" time="10.813" errors="0">
  <testcase name="verifyLoginPagetitletest" time="10.111" classname="com.qa.hubspot.test.LoginPageTest"/>
  <testcase name="verifySignUpLinkTest" time="0.078" classname="com.qa.hubspot.test.LoginPageTest"/>
  <testcase name="LoginTest" time="0.624" classname="com.qa.hubspot.test.LoginPageTest"/>
</testsuite> <!-- com.qa.hubspot.test.LoginPageTest -->
